<?xml version="1.0" encoding="UTF-8"?>
<testsuite xmlns:xsi="http://www.w3.org/2001/XMLSchema-instance" xsi:noNamespaceSchemaLocation="https://maven.apache.org/surefire/maven-surefire-plugin/xsd/surefire-test-report-3.0.xsd" version="3.0" name="com.projeto01.pokemon.PokemonApplicationTests" time="1.282" tests="1" errors="0" skipped="0" failures="0">
  <properties>
[...]
</properties>
  <testcase name="contextLoads" classname="com.projeto01.pokemon.PokemonApplicationTests" time="0.419">
    <system-out><![CDATA[16:22:17.741 [main] INFO org.springframework.test.context.support.AnnotationConfigContextLoaderUtils -- Could not detect default configuration classes for test class [com.projeto01.pokemon.PokemonApplicationTests]: PokemonApplicationTests does not declare any static, non-private, non-final, nested classes annotated with @Configuration.
16:22:17.801 [main] INFO org.springframework.boot.test.context.SpringBootTestContextBootstrapper -- Found @SpringBootConfiguration com.projeto01.pokemon.PokemonApplication for test class com.projeto01.pokemon.PokemonApplicationTests
16:22:17.875 [main] INFO org.springframework.boot.devtools.restart.RestartApplicationListener -- Restart disabled due to context in which it is running

  .   ____          _            __ _ _
 /\\ / ___'_ __ _ _(_)_ __  __ _ \ \ \ \
( ( )\___ | '_ | '_| | '_ \/ _` | \ \ \ \
 \\/  ___)| |_)| | | | | || (_| |  ) ) ) )
  '  |____| .__|_| |_|_| |_\__, | / / / /
 =========|_|==============|___/=/_/_/_/

 :: Spring Boot ::                (v3.3.3)

2024-09-17T16:22:17.985-03:00  INFO 98371 --- [pokemon] [           main] c.p.pokemon.PokemonApplicationTests      : Starting PokemonApplicationTests using Java 19.0.2 with PID 98371 (started by matheusafonso in /Users/matheusafonso/Library/CloudStorage/GoogleDrive-matheusafonsoleite@gmail.com/Meu Drive/Universidade Presbiteriana Mackenzie/Quinto Semestre/Serviços em Nuvem/Projeto 01/pokemon)
2024-09-17T16:22:17.985-03:00  INFO 98371 --- [pokemon] [           main] c.p.pokemon.PokemonApplicationTests      : No active profile set, falling back to 1 default profile: "default"
2024-09-17T16:22:18.388-03:00  INFO 98371 --- [pokemon] [           main] o.s.b.a.w.s.WelcomePageHandlerMapping    : Adding welcome page: class path resource [static/index.html]
2024-09-17T16:22:18.504-03:00  INFO 98371 --- [pokemon] [           main] c.p.pokemon.PokemonApplicationTests      : Started PokemonApplicationTests in 0.635 seconds (process running for 1.108)
]]></system-out>
  </testcase>
</testsuite>